[    0.000000] Linux version 4.15.0-204-generic (buildd@lcy02-amd64-030) (gcc version 7.5.0 (Ubuntu 7.5.0-3ubuntu1~18.04)) #215-Ubuntu SMP Fri Jan 20 18:24:59 UTC 2023 (Ubuntu 4.15.0-204.215-generic 4.15.18)
[    0.000000] Command line: BOOT_IMAGE=/boot/vmlinuz-4.15.0-204-generic root=LABEL=cloudimg-rootfs ro console=tty1 console=ttyS0
[    0.000000] KERNEL supported cpus:
[    0.000000]   Intel GenuineIntel
[    0.000000]   AMD AuthenticAMD
[    0.000000]   Centaur CentaurHauls
[    0.000000] [Firmware Bug]: TSC doesn't count with P0 frequency!
[    0.000000] x86/fpu: x87 FPU will use FXSAVE
[    0.000000] e820: BIOS-provided physical RAM map:
[    0.000000] BIOS-e820: [mem 0x0000000000000000-0x000000000009fbff] usable
[    0.000000] BIOS-e820: [mem 0x000000000009fc00-0x000000000009ffff] reserved
[    0.000000] BIOS-e820: [mem 0x00000000000f0000-0x00000000000fffff] reserved
[    0.000000] BIOS-e820: [mem 0x0000000000100000-0x000000003ffeffff] usable
[    0.000000] BIOS-e820: [mem 0x000000003fff0000-0x000000003fffffff] ACPI data
[    0.000000] BIOS-e820: [mem 0x00000000fec00000-0x00000000fec00fff] reserved
[    0.000000] BIOS-e820: [mem 0x00000000fee00000-0x00000000fee00fff] reserved
[    0.000000] BIOS-e820: [mem 0x00000000fffc0000-0x00000000ffffffff] reserved
[    0.000000] NX (Execute Disable) protection: active
[    0.000000] SMBIOS 2.5 present.
[    0.000000] DMI: innotek GmbH VirtualBox/VirtualBox, BIOS VirtualBox 12/01/2006
[    0.000000] Hypervisor detected: KVM
[    0.000000] e820: last_pfn = 0x3fff0 max_arch_pfn = 0x400000000
[    0.000000] MTRR: Disabled
[    0.000000] x86/PAT: MTRRs disabled, skipping PAT initialization too.
[    0.000000] CPU MTRRs all blank - virtualized system.
[    0.000000] x86/PAT: Configuration [0-7]: WB  WT  UC- UC  WB  WT  UC- UC  
[    0.000000] found SMP MP-table at [mem 0x0009fff0-0x0009ffff]
[    0.000000] Scanning 1 areas for low memory corruption
[    0.000000] RAMDISK: [mem 0x359c9000-0x36cdbfff]
[    0.000000] ACPI: Early table checksum verification disabled
[    0.000000] ACPI: RSDP 0x00000000000E0000 000024 (v02 VBOX  )
[    0.000000] ACPI: XSDT 0x000000003FFF0030 00003C (v01 VBOX   VBOXXSDT 00000001 ASL  00000061)
[    0.000000] ACPI: FACP 0x000000003FFF00F0 0000F4 (v04 VBOX   VBOXFACP 00000001 ASL  00000061)
[    0.000000] ACPI: DSDT 0x000000003FFF0470 002325 (v02 VBOX   VBOXBIOS 00000002 INTL 20100528)
[    0.000000] ACPI: FACS 0x000000003FFF0200 000040
[    0.000000] ACPI: FACS 0x000000003FFF0200 000040
[    0.000000] ACPI: APIC 0x000000003FFF0240 00005C (v02 VBOX   VBOXAPIC 00000001 ASL  00000061)
[    0.000000] ACPI: SSDT 0x000000003FFF02A0 0001CC (v01 VBOX   VBOXCPUT 00000002 INTL 20100528)
[    0.000000] ACPI: Reserving FACP table memory at [mem 0x3fff00f0-0x3fff01e3]
[    0.000000] ACPI: Reserving DSDT table memory at [mem 0x3fff0470-0x3fff2794]
[    0.000000] ACPI: Reserving FACS table memory at [mem 0x3fff0200-0x3fff023f]
[    0.000000] ACPI: Reserving FACS table memory at [mem 0x3fff0200-0x3fff023f]
[    0.000000] ACPI: Reserving APIC table memory at [mem 0x3fff0240-0x3fff029b]
[    0.000000] ACPI: Reserving SSDT table memory at [mem 0x3fff02a0-0x3fff046b]
[    0.000000] No NUMA configuration found
[    0.000000] Faking a node at [mem 0x0000000000000000-0x000000003ffeffff]
[    0.000000] NODE_DATA(0) allocated [mem 0x3ffc5000-0x3ffeffff]
[    0.000000] kvm-clock: cpu 0, msr 0:3ff44001, primary cpu clock
[    0.000000] kvm-clock: Using msrs 4b564d01 and 4b564d00
[    0.000000] kvm-clock: using sched offset of 5012695273 cycles
[    0.000000] clocksource: kvm-clock: mask: 0xffffffffffffffff max_cycles: 0x1cd42e4dffb, max_idle_ns: 881590591483 ns
[    0.000000] Zone ranges:
[    0.000000]   DMA      [mem 0x0000000000001000-0x0000000000ffffff]
[    0.000000]   DMA32    [mem 0x0000000001000000-0x000000003ffeffff]
[    0.000000]   Normal   empty
[    0.000000]   Device   empty
[    0.000000] Movable zone start for each node
[    0.000000] Early memory node ranges
[    0.000000]   node   0: [mem 0x0000000000001000-0x000000000009efff]
[    0.000000]   node   0: [mem 0x0000000000100000-0x000000003ffeffff]
[    0.000000] Reserved but unavailable: 104 pages
[    0.000000] Initmem setup node 0 [mem 0x0000000000001000-0x000000003ffeffff]
[    0.000000] ACPI: PM-Timer IO Port: 0x4008
[    0.000000] IOAPIC[0]: apic_id 2, version 32, address 0xfec00000, GSI 0-23
[    0.000000] ACPI: INT_SRC_OVR (bus 0 bus_irq 0 global_irq 2 dfl dfl)
[    0.000000] ACPI: INT_SRC_OVR (bus 0 bus_irq 9 global_irq 9 low level)
[    0.000000] Using ACPI (MADT) for SMP configuration information
[    0.000000] smpboot: Allowing 2 CPUs, 0 hotplug CPUs
[    0.000000] PM: Registered nosave memory: [mem 0x00000000-0x00000fff]
[    0.000000] PM: Registered nosave memory: [mem 0x0009f000-0x0009ffff]
[    0.000000] PM: Registered nosave memory: [mem 0x000a0000-0x000effff]
[    0.000000] PM: Registered nosave memory: [mem 0x000f0000-0x000fffff]
[    0.000000] e820: [mem 0x40000000-0xfebfffff] available for PCI devices
[    0.000000] Booting paravirtualized kernel on KVM
[    0.000000] clocksource: refined-jiffies: mask: 0xffffffff max_cycles: 0xffffffff, max_idle_ns: 7645519600211568 ns
[    0.000000] setup_percpu: NR_CPUS:8192 nr_cpumask_bits:2 nr_cpu_ids:2 nr_node_ids:1
[    0.000000] percpu: Embedded 50 pages/cpu s167936 r8192 d28672 u1048576
[    0.000000] PV qspinlock hash table entries: 256 (order: 0, 4096 bytes)
[    0.000000] Built 1 zonelists, mobility grouping on.  Total pages: 257913
[    0.000000] Policy zone: DMA32
[    0.000000] Kernel command line: BOOT_IMAGE=/boot/vmlinuz-4.15.0-204-generic root=LABEL=cloudimg-rootfs ro console=tty1 console=ttyS0
[    0.000000] Memory: 982640K/1048120K available (12300K kernel code, 2477K rwdata, 4324K rodata, 2480K init, 2720K bss, 65480K reserved, 0K cma-reserved)
[    0.000000] SLUB: HWalign=64, Order=0-3, MinObjects=0, CPUs=2, Nodes=1
[    0.000000] ftrace: allocating 39488 entries in 155 pages
[    0.004000] Hierarchical RCU implementation.
[    0.004000] 	RCU restricting CPUs from NR_CPUS=8192 to nr_cpu_ids=2.
[    0.004000] 	Tasks RCU enabled.
[    0.004000] RCU: Adjusting geometry for rcu_fanout_leaf=16, nr_cpu_ids=2
[    0.004000] NR_IRQS: 524544, nr_irqs: 440, preallocated irqs: 16
[    0.004000] Console: colour VGA+ 80x25
[    0.004000] console [tty1] enabled
[    0.004000] console [ttyS0] enabled
[    0.004000] ACPI: Core revision 20170831
[    0.004000] ACPI: 2 ACPI AML tables successfully acquired and loaded
[    0.004000] APIC: Switch to symmetric I/O mode setup
[    0.004000] ..TIMER: vector=0x30 apic1=0 pin1=2 apic2=-1 pin2=-1
[    0.004000] tsc: Detected 2595.010 MHz processor
[    0.004000] Calibrating delay loop (skipped) preset value.. 5190.02 BogoMIPS (lpj=10380040)
[    0.004012] pid_max: default: 32768 minimum: 301
[    0.008153] Security Framework initialized
[    0.012011] Yama: becoming mindful.
[    0.016223] AppArmor: AppArmor initialized
[    0.033512] Dentry cache hash table entries: 131072 (order: 8, 1048576 bytes)
[    0.041286] Inode-cache hash table entries: 65536 (order: 7, 524288 bytes)
[    0.044158] Mount-cache hash table entries: 2048 (order: 2, 16384 bytes)
[    0.048141] Mountpoint-cache hash table entries: 2048 (order: 2, 16384 bytes)
[    0.056524] Last level iTLB entries: 4KB 1024, 2MB 1024, 4MB 512
[    0.060011] Last level dTLB entries: 4KB 1536, 2MB 1536, 4MB 768, 1GB 0
[    0.064011] Spectre V1 : Mitigation: usercopy/swapgs barriers and __user pointer sanitization
[    0.068011] Spectre V2 : Mitigation: Retpolines
[    0.072009] Spectre V2 : Spectre v2 / SpectreRSB mitigation: Filling RSB on context switch
[    0.076027] Spectre V2 : Spectre v2 / SpectreRSB : Filling RSB on VMEXIT
[    0.080010] RETBleed: Vulnerable
[    0.084228] Freeing SMP alternatives memory: 36K
[    0.203962] smpboot: CPU0: AMD Ryzen 3 3200U with Radeon Vega Mobile Gfx (family: 0x17, model: 0x18, stepping: 0x1)
[    0.204921] Performance Events: PMU not available due to virtualization, using software events only.
[    0.208259] Hierarchical SRCU implementation.
[    0.213350] NMI watchdog: Perf event create on CPU 0 failed with -2
[    0.216011] NMI watchdog: Perf NMI watchdog permanently disabled
[    0.220735] smp: Bringing up secondary CPUs ...
[    0.229242] x86: Booting SMP configuration:
[    0.232011] .... node  #0, CPUs:      #1
[    0.004000] kvm-clock: cpu 1, msr 0:3ff44041, secondary cpu clock
[    0.248162] smp: Brought up 1 node, 2 CPUs
[    0.252017] smpboot: Max logical packages: 1
[    0.256012] smpboot: Total of 2 processors activated (10380.04 BogoMIPS)
[    0.264298] devtmpfs: initialized
[    0.268761] x86/mm: Memory block size: 128MB
[    0.276773] evm: security.selinux
[    0.284008] evm: security.SMACK64
[    0.292008] evm: security.SMACK64EXEC
[    0.296010] evm: security.SMACK64TRANSMUTE
[    0.304009] evm: security.SMACK64MMAP
[    0.312008] evm: security.apparmor
[    0.316009] evm: security.ima
[    0.320010] evm: security.capability
[    0.328519] clocksource: jiffies: mask: 0xffffffff max_cycles: 0xffffffff, max_idle_ns: 7645041785100000 ns
[    0.348025] futex hash table entries: 512 (order: 3, 32768 bytes)
[    0.356654] pinctrl core: initialized pinctrl subsystem
[    0.364824] RTC time:  3:52:30, date: 03/03/23
[    0.376513] NET: Registered protocol family 16
[    0.384221] audit: initializing netlink subsys (disabled)
[    0.392555] audit: type=2000 audit(1677815556.086:1): state=initialized audit_enabled=0 res=1
[    0.400009] cpuidle: using governor ladder
[    0.404366] cpuidle: using governor menu
[    0.418169] ACPI: bus type PCI registered
[    0.424012] acpiphp: ACPI Hot Plug PCI Controller Driver version: 0.5
[    0.436258] PCI: Using configuration type 1 for base access
[    0.444008] PCI: Using configuration type 1 for extended access
[    0.460776] HugeTLB registered 2.00 MiB page size, pre-allocated 0 pages
[    0.476952] ACPI: Added _OSI(Module Device)
[    0.484172] ACPI: Added _OSI(Processor Device)
[    0.492008] ACPI: Added _OSI(3.0 _SCP Extensions)
[    0.500009] ACPI: Added _OSI(Processor Aggregator Device)
[    0.508012] ACPI: Added _OSI(Linux-Dell-Video)
[    0.516011] ACPI: Added _OSI(Linux-Lenovo-NV-HDMI-Audio)
[    0.524011] ACPI: Added _OSI(Linux-HPI-Hybrid-Graphics)
[    0.533377] ACPI: Executed 1 blocks of module-level executable AML code
[    0.552460] ACPI: Interpreter enabled
[    0.560039] ACPI: (supports S0 S5)
[    0.564012] ACPI: Using IOAPIC for interrupt routing
[    0.572721] PCI: Using host bridge windows from ACPI; if necessary, use "pci=nocrs" and report a bug
[    0.588604] ACPI: Enabled 2 GPEs in block 00 to 07
[    0.621625] ACPI: PCI Root Bridge [PCI0] (domain 0000 [bus 00-ff])
[    0.632029] acpi PNP0A03:00: _OSC: OS supports [ExtendedConfig ASPM ClockPM Segments MSI]
[    0.650511] acpi PNP0A03:00: _OSC: platform does not support [PCIeCapability]
[    0.661334] acpi PNP0A03:00: _OSC: not requesting control; platform does not support [PCIeCapability]
[    0.676016] acpi PNP0A03:00: _OSC: OS requested [PCIeHotplug PME AER PCIeCapability]
[    0.688012] acpi PNP0A03:00: _OSC: platform willing to grant [PCIeHotplug PME AER]
[    0.700012] acpi PNP0A03:00: _OSC failed (AE_SUPPORT); disabling ASPM
[    0.712305] PCI host bridge to bus 0000:00
[    0.716012] pci_bus 0000:00: root bus resource [io  0x0000-0x0cf7 window]
[    0.728012] pci_bus 0000:00: root bus resource [io  0x0d00-0xffff window]
[    0.740015] pci_bus 0000:00: root bus resource [mem 0x000a0000-0x000bffff window]
[    0.752015] pci_bus 0000:00: root bus resource [mem 0x40000000-0xfdffffff window]
[    0.772015] pci_bus 0000:00: root bus resource [bus 00-ff]
[    0.803165] pci 0000:00:01.1: legacy IDE quirk: reg 0x10: [io  0x01f0-0x01f7]
[    0.820020] pci 0000:00:01.1: legacy IDE quirk: reg 0x14: [io  0x03f6]
[    0.836020] pci 0000:00:01.1: legacy IDE quirk: reg 0x18: [io  0x0170-0x0177]
[    0.852018] pci 0000:00:01.1: legacy IDE quirk: reg 0x1c: [io  0x0376]
[    0.917785] pci 0000:00:07.0: quirk: [io  0x4000-0x403f] claimed by PIIX4 ACPI
[    0.928076] pci 0000:00:07.0: quirk: [io  0x4100-0x410f] claimed by PIIX4 SMB
[    0.959939] ACPI: PCI Interrupt Link [LNKA] (IRQs 5 9 10 *11)
[    0.968969] ACPI: PCI Interrupt Link [LNKB] (IRQs 5 9 *10 11)
[    0.980385] ACPI: PCI Interrupt Link [LNKC] (IRQs 5 *9 10 11)
[    0.988452] ACPI: PCI Interrupt Link [LNKD] (IRQs 5 9 10 *11)
[    1.004063] SCSI subsystem initialized
[    1.012343] pci 0000:00:02.0: vgaarb: setting as boot VGA device
[    1.016000] pci 0000:00:02.0: vgaarb: VGA device added: decodes=io+mem,owns=io+mem,locks=none
[    1.032014] pci 0000:00:02.0: vgaarb: bridge control possible
[    1.040010] vgaarb: loaded
[    1.048160] ACPI: bus type USB registered
[    1.056104] usbcore: registered new interface driver usbfs
[    1.064044] usbcore: registered new interface driver hub
[    1.072039] usbcore: registered new device driver usb
[    1.080348] EDAC MC: Ver: 3.0.0
[    1.088461] PCI: Using ACPI for IRQ routing
[    1.097080] NetLabel: Initializing
[    1.100009] NetLabel:  domain hash size = 128
[    1.108011] NetLabel:  protocols = UNLABELED CIPSOv4 CALIPSO
[    1.112099] NetLabel:  unlabeled traffic allowed by default
[    1.120006] clocksource: Switched to clocksource kvm-clock
[    1.200115] VFS: Disk quotas dquot_6.6.0
[    1.208399] VFS: Dquot-cache hash table entries: 512 (order 0, 4096 bytes)
[    1.219691] AppArmor: AppArmor Filesystem Enabled
[    1.227243] pnp: PnP ACPI init
[    1.235365] pnp: PnP ACPI: found 3 devices
[    1.304360] clocksource: acpi_pm: mask: 0xffffff max_cycles: 0xffffff, max_idle_ns: 2085701024 ns
[    1.317820] NET: Registered protocol family 2
[    1.325618] IP idents hash table entries: 16384 (order: 5, 131072 bytes)
[    1.336715] TCP established hash table entries: 8192 (order: 4, 65536 bytes)
[    1.347415] TCP bind hash table entries: 8192 (order: 5, 131072 bytes)
[    1.358130] TCP: Hash tables configured (established 8192 bind 8192)
[    1.368506] UDP hash table entries: 512 (order: 2, 16384 bytes)
[    1.377747] UDP-Lite hash table entries: 512 (order: 2, 16384 bytes)
[    1.387604] NET: Registered protocol family 1
[    1.394475] pci 0000:00:00.0: Limiting direct PCI/PCI transfers
[    1.404001] pci 0000:00:01.0: Activating ISA DMA hang workarounds
[    1.413495] pci 0000:00:02.0: Video device with shadowed ROM at [mem 0x000c0000-0x000dffff]
[    1.426231] Unpacking initramfs...
[    1.522068] Freeing initrd memory: 19532K
[    2.178822] clocksource: tsc: mask: 0xffffffffffffffff max_cycles: 0x2567d2030ac, max_idle_ns: 440795235253 ns
[    2.194184] platform rtc_cmos: registered platform RTC device (no PNP device found)
[    2.207391] Scanning for low memory corruption every 60 seconds
[    2.222122] Initialise system trusted keyrings
[    2.230908] Key type blacklist registered
[    2.240096] workingset: timestamp_bits=36 max_order=18 bucket_order=0
[    2.255482] zbud: loaded
[    2.264695] squashfs: version 4.0 (2009/01/31) Phillip Lougher
[    2.278688] fuse init (API version 7.26)
[    2.342382] Key type asymmetric registered
[    2.347981] Asymmetric key parser 'x509' registered
[    2.354657] Block layer SCSI generic (bsg) driver version 0.4 loaded (major 246)
[    2.366170] io scheduler noop registered
[    2.371462] io scheduler deadline registered
[    2.377142] io scheduler cfq registered (default)
[    2.385621] ACPI: AC Adapter [AC] (on-line)
[    2.391724] input: Power Button as /devices/LNXSYSTM:00/LNXPWRBN:00/input/input0
[    2.402282] ACPI: Power Button [PWRF]
[    2.407804] input: Sleep Button as /devices/LNXSYSTM:00/LNXSLPBN:00/input/input1
[    2.418070] ACPI: Sleep Button [SLPF]
[    2.425835] Serial: 8250/16550 driver, 32 ports, IRQ sharing enabled
[    2.428743] ACPI: Battery Slot [BAT0] (battery present)
[    2.480251] 00:02: ttyS0 at I/O 0x3f8 (irq = 4, base_baud = 115200) is a 16550A
[    2.520975] Linux agpgart interface v0.103
[    2.550746] loop: module loaded
[    2.564024] scsi host0: ata_piix
[    2.570700] scsi host1: ata_piix
[    2.577335] ata1: PATA max UDMA/33 cmd 0x1f0 ctl 0x3f6 bmdma 0xd000 irq 14
[    2.587996] ata2: PATA max UDMA/33 cmd 0x170 ctl 0x376 bmdma 0xd008 irq 15
[    2.598442] tun: Universal TUN/TAP device driver, 1.6
[    2.607409] PPP generic driver version 2.4.2
[    2.615883] ehci_hcd: USB 2.0 'Enhanced' Host Controller (EHCI) Driver
[    2.628498] ehci-pci: EHCI PCI platform driver
[    2.637351] ehci-platform: EHCI generic platform driver
[    2.647165] ohci_hcd: USB 1.1 'Open' Host Controller (OHCI) Driver
[    2.656809] ohci-pci: OHCI PCI platform driver
[    2.663884] ohci-platform: OHCI generic platform driver
[    2.673096] uhci_hcd: USB Universal Host Controller Interface driver
[    2.682796] i8042: PNP: PS/2 Controller [PNP0303:PS2K,PNP0f03:PS2M] at 0x60,0x64 irq 1,12
[    2.703541] serio: i8042 KBD port at 0x60,0x64 irq 1
[    2.703864] serio: i8042 AUX port at 0x60,0x64 irq 12
[    2.722750] mousedev: PS/2 mouse device common for all mice
[    2.739352] rtc_cmos rtc_cmos: rtc core: registered rtc_cmos as rtc0
[    2.750294] input: AT Translated Set 2 keyboard as /devices/platform/i8042/serio0/input/input2
[    2.750866] rtc_cmos rtc_cmos: alarms up to one day, 114 bytes nvram
[    2.778609] i2c /dev entries driver
[    2.787857] device-mapper: uevent: version 1.0.3
[    2.814707] device-mapper: ioctl: 4.37.0-ioctl (2017-09-20) initialised: dm-devel@redhat.com
[    2.857184] ledtrig-cpu: registered to indicate activity on CPUs
[    2.869866] NET: Registered protocol family 10
[    2.895731] Segment Routing with IPv6
[    2.902294] NET: Registered protocol family 17
[    2.910159] Key type dns_resolver registered
[    2.918374] mce: Using 0 MCE banks
[    2.924815] RAS: Correctable Errors collector initialized.
[    2.934267] sched_clock: Marking stable (2934172119, 0)->(4183956323, -1249784204)
[    2.951347] registered taskstats version 1
[    2.957629] Loading compiled-in X.509 certificates
[    2.973312] Loaded X.509 cert 'Build time autogenerated kernel key: 449f52b446813ee48ad446aa51a5377584e80c28'
[    2.987967] Loaded X.509 cert 'Canonical Ltd. Live Patch Signing: 14df34d1a87cf37625abec039ef2bf521249b969'
[    3.002071] Loaded X.509 cert 'Canonical Ltd. Kernel Module Signing: 88f752e560a1e0737e31163a466ad7b70a850c19'
[    3.015502] blacklist: Loading compiled-in revocation X.509 certificates
[    3.025434] Loaded X.509 cert 'Canonical Ltd. Secure Boot Signing: 61482aa2830d0ab2ad5af10b7250da9033ddcef0'
[    3.038261] Loaded X.509 cert 'Canonical Ltd. Secure Boot Signing (2017): 242ade75ac4a15e50d50c84b0d45ff3eae707a03'
[    3.051567] Loaded X.509 cert 'Canonical Ltd. Secure Boot Signing (ESM 2018): 365188c1d374d6b07c3c8f240f8ef722433d6a8b'
[    3.069160] Loaded X.509 cert 'Canonical Ltd. Secure Boot Signing (2019): c0746fd6c5da3ae827864651ad66ae47fe24b3e8'
[    3.087429] Loaded X.509 cert 'Canonical Ltd. Secure Boot Signing (2021 v1): a8d54bbb3825cfb94fa13c9f8a594a195c107b8d'
[    3.106371] Loaded X.509 cert 'Canonical Ltd. Secure Boot Signing (2021 v2): 4cf046892d6fd3c9a5b03f98d845f90851dc6a8c'
[    3.127148] Loaded X.509 cert 'Canonical Ltd. Secure Boot Signing (2021 v3): 100437bb6de6e469b581e61cd66bce3ef4ed53af'
[    3.149274] Loaded X.509 cert 'Canonical Ltd. Secure Boot Signing (Ubuntu Core 2019): c1d57b8f6b743f23ee41f4f7ee292f06eecadfb9'
[    3.168976] zswap: loaded using pool lzo/zbud
[    3.198364] Key type big_key registered
[    3.205973] Key type trusted registered
[    3.218524] Key type encrypted registered
[    3.227895] AppArmor: AppArmor sha1 policy hashing enabled
[    3.237530] ima: No TPM chip found, activating TPM-bypass! (rc=-19)
[    3.246970] ima: Allocated hash algorithm: sha1
[    3.253727] evm: HMAC attrs: 0x1
[    3.259927]   Magic number: 15:858:865
[    3.266926] rtc_cmos rtc_cmos: setting system clock to 2023-03-03 03:52:33 UTC (1677815553)
[    3.278826] BIOS EDD facility v0.16 2004-Jun-25, 0 devices found
[    3.287087] EDD information not available.
[    3.299119] Freeing unused kernel image memory: 2480K
[    3.328487] Write protecting the kernel read-only data: 20480k
[    3.338391] Freeing unused kernel image memory: 2008K
[    3.346328] Freeing unused kernel image memory: 1820K
[    3.365704] x86/mm: Checked W+X mappings: passed, no W+X pages found.
Loading, please wait...
starting version 237
[    3.542606] e1000: Intel(R) PRO/1000 Network Driver - version 7.3.21-k8-NAPI
[    3.559593] e1000: Copyright (c) 1999-2006 Intel Corporation.
[    3.609892] Fusion MPT base driver 3.04.20
[    3.616191] Copyright (c) 1999-2008 LSI Corporation
[    3.689331] Fusion MPT SPI Host driver 3.04.20
[    4.526620] input: ImExPS/2 Generic Explorer Mouse as /devices/platform/i8042/serio1/input/input4
[    4.563489] e1000 0000:00:03.0 eth0: (PCI:33MHz:32-bit) 02:ea:ac:f2:75:47
[    4.573171] e1000 0000:00:03.0 eth0: Intel(R) PRO/1000 Network Connection
[    4.586736] mptbase: ioc0: Initiating bringup
[    4.701071] ioc0: LSI53C1030 A0: Capabilities={Initiator}
[    4.975648] scsi host2: ioc0: LSI53C1030 A0, FwRev=00000000h, Ports=1, MaxQ=256, IRQ=20
[    5.245413] scsi 2:0:0:0: Direct-Access     VBOX     HARDDISK         1.0  PQ: 0 ANSI: 5
[    5.408821] scsi target2:0:0: Beginning Domain Validation
[    5.432621] scsi target2:0:0: Domain Validation skipping write tests
[    5.448669] scsi target2:0:0: Ending Domain Validation
[    5.459643] scsi target2:0:0: asynchronous
[    5.474194] scsi 2:0:1:0: Direct-Access     VBOX     HARDDISK         1.0  PQ: 0 ANSI: 5
[    5.776429] scsi target2:0:1: Beginning Domain Validation
[    5.803181] scsi target2:0:1: Domain Validation skipping write tests
[    5.815524] scsi target2:0:1: Ending Domain Validation
[    5.827811] scsi target2:0:1: asynchronous
[    5.859368] sd 2:0:0:0: [sda] 83886080 512-byte logical blocks: (42.9 GB/40.0 GiB)
[    5.873489] sd 2:0:0:0: Attached scsi generic sg0 type 0
[    5.882406] sd 2:0:0:0: [sda] Write Protect is off
[    5.893617] sd 2:0:1:0: [sdb] 20480 512-byte logical blocks: (10.5 MB/10.0 MiB)
[    5.908896] sd 2:0:1:0: Attached scsi generic sg1 type 0
[    5.918521] sd 2:0:0:0: [sda] Incomplete mode parameter data
[    5.931333] sd 2:0:0:0: [sda] Assuming drive cache: write through
[    5.945607] sd 2:0:1:0: [sdb] Write Protect is off
[    5.957628] sd 2:0:1:0: [sdb] Incomplete mode parameter data
[    5.966679] sd 2:0:1:0: [sdb] Assuming drive cache: write through
[    5.979219]  sda: sda1
[    5.989236] sd 2:0:0:0: [sda] Attached SCSI disk
[    6.003722] sd 2:0:1:0: [sdb] Attached SCSI disk
[    6.317583] e1000 0000:00:08.0 eth1: (PCI:33MHz:32-bit) 08:00:27:ed:73:7e
[    6.327876] e1000 0000:00:08.0 eth1: Intel(R) PRO/1000 Network Connection
[    6.344767] e1000 0000:00:08.0 enp0s8: renamed from eth1
[    6.365415] e1000 0000:00:03.0 enp0s3: renamed from eth0
Begin: Loading essential drivers ... [    8.901322] raid6: sse2x1   gen()  4833 MB/s
[    8.956495] raid6: sse2x1   xor()  3709 MB/s
[    9.012668] raid6: sse2x2   gen()  9301 MB/s
[    9.068461] raid6: sse2x2   xor()  6989 MB/s
[    9.120169] raid6: sse2x4   gen() 11352 MB/s
[    9.172941] raid6: sse2x4   xor()  5858 MB/s
[    9.179544] raid6: using algorithm sse2x4 gen() 11352 MB/s
[    9.188328] raid6: .... xor() 5858 MB/s, rmw enabled
[    9.195756] raid6: using ssse3x2 recovery algorithm
[    9.206949] xor: measuring software checksum speed
[    9.252914]    prefetch64-sse: 10077.000 MB/sec
[    9.296785]    generic_sse: 11155.000 MB/sec
[    9.302608] xor: using function: generic_sse (11155.000 MB/sec)
[    9.316923] async_tx: api initialized (async)
done.
Begin: Running /scripts/init-premount ... done.
Begin: Mounting root file system ... Begin: Running /scripts/local-top ... done.
Begin: Running /scripts/local-premount ... [    9.430861] Btrfs loaded, crc32c=crc32c-intel
Scanning for Btrfs filesystems
done.
Warning: fsck not present, so skipping root file system
[    9.529988] EXT4-fs (sda1): INFO: recovery required on readonly filesystem
[    9.539993] EXT4-fs (sda1): write access will be enabled during recovery
[    9.842556] EXT4-fs (sda1): recovery complete
[    9.853201] EXT4-fs (sda1): mounted filesystem with ordered data mode. Opts: (null)
done.
Begin: Running /scripts/local-bottom ... done.
Begin: Running /scripts/init-bottom ... done.
[   10.210327] ip_tables: (C) 2000-2006 Netfilter Core Team
[   10.242037] systemd[1]: systemd 237 running in system mode. (+PAM +AUDIT +SELINUX +IMA +APPARMOR +SMACK +SYSVINIT +UTMP +LIBCRYPTSETUP +GCRYPT +GNUTLS +ACL +XZ +LZ4 +SECCOMP +BLKID +ELFUTILS +KMOD -IDN2 +IDN -PCRE2 default-hierarchy=hybrid)
[   10.275186] systemd[1]: Detected virtualization oracle.
[   10.282624] systemd[1]: Detected architecture x86-64.

Welcome to [1mUbuntu 18.04.6 LTS[0m!

[   10.348175] systemd[1]: Set hostname to <web01>.
[   10.911563] random: systemd: uninitialized urandom read (16 bytes read)
[   10.921976] systemd[1]: Reached target Mounting snaps.
[[0;32m  OK  [0m] Reached target Mounting snaps.
[   10.935702] random: systemd: uninitialized urandom read (16 bytes read)
[   10.944553] systemd[1]: Reached target Mounted snaps.
[[0;32m  OK  [0m] Reached target Mounted snaps.
[   10.958433] random: systemd: uninitialized urandom read (16 bytes read)
[   10.967694] systemd[1]: Reached target System Time Synchronized.
[[0;32m  OK  [0m] Reached target System Time Synchronized.
[   10.985024] systemd[1]: Reached target User and Group Name Lookups.
[[0;32m  OK  [0m] Reached target User and Group Name Lookups.
[   11.018778] systemd[1]: Created slice User and Session Slice.
[[0;32m  OK  [0m] Created slice User and Session Slice.
[   11.033896] systemd[1]: Created slice System Slice.
[[0;32m  OK  [0m] Created slice System Slice.
[[0;32m  OK  [0m] Listening on Network Service Netlink Socket.
[[0;32m  OK  [0m] Listening on Journal Socket.
         Starting Uncomplicated firewall...
         Mounting Kernel Debug File System...
[[0;32m  OK  [0m] Listening on udev Control Socket.
[[0;32m  OK  [0m] Listening on Syslog Socket.
         Mounting POSIX Message Queue File System...
[[0;32m  OK  [0m] Listening on fsck to fsckd communication Socket.
[[0;32m  OK  [0m] Listening on /dev/initctl Compatibility Named Pipe.
         Starting File System Check on Root Device...
[[0;32m  OK  [0m] Listening on udev Kernel Socket.
[[0;32m  OK  [0m] Listening on Device-mapper event daemon FIFOs.
[[0;32m  OK  [0m] Reached target Slices.
[[0;32m  OK  [0m] Listening on LVM2 poll daemon socket.
         Starting Load Kernel Modules...
[[0;32m  OK  [0m] Listening on LVM2 metadata daemon socket.
         Starting Monitoring of LVM2 mirrors…ng dmeventd or progress polling...
         Starting Create list of required st…ce nodes for the current kernel...
[   11.197159] Loading iSCSI transport class v2.0-870.
[[0;32m  OK  [0m] Created slice system-serial\x2dgetty.slice.
         Starting Set the console keyboard layout...
         Mounting Huge Pages File System...
[[0;32m  OK  [0m] Listening on Journal Audit Socket.
[[0;32m  OK  [0m] Reached target Swap.
[[0;32m  OK  [0m] Set up automount Arbitrary Executab…rmats File System Automount Point.
[[0;32m  OK  [0m] Listening on Journal Socket (/dev/log).
         Starting Journal Service...
[[0;32m  OK  [0m] Started Forward Password Requests to Wall Directory Watch.
         Starting udev Coldplug all Devices...
[[0;32m  OK  [0m] Started Uncomplicated firewall.
[[0;32m  OK  [0m] Mounted Kernel Debug File System.
[[0;32m  OK  [0m] Mounted POSIX Message Queue File System.
[   11.382453] iscsi: registered transport (tcp)
[[0;32m  OK  [0m] Started File System Check on Root Device.
[[0;32m  OK  [0m] Started Create list of required sta…vice nodes for the current kernel.
[[0;32m  OK  [0m] Mounted Huge Pages File System.
[[0;32m  OK  [0m] Started File System Check Daemon to report status.
         Starting Create Static Device Nodes in /dev...
         Starting Remount Root and Kernel File Systems...
[[0;32m  OK  [0m] Started LVM2 metadata daemon.
[   11.493742] EXT4-fs (sda1): re-mounted. Opts: (null)
[[0;32m  OK  [0m] Started Remount Root and Kernel File Systems.
         Starting Load/Save Random Seed...
[[0;32m  OK  [0m] Started Journal Service.
[[0;32m  OK  [0m] Started Monitoring of LVM2 mirrors,…sing dmeventd or progress polling.
[[0;32m  OK  [0m] Started udev Coldplug all Devices.
         Starting Flush Journal to Persistent Storage...
[[0;32m  OK  [0m] Started Create Static Device Nodes in /dev.
         Starting udev Kernel Device Manager...
[[0;32m  OK  [0m] Started Load/Save Random Seed.
[   11.682204] systemd-journald[390]: Received request to flush runtime journal from PID 1
[[0;32m  OK  [0m] Started Set the console keyboard layout.
[[0;32m  OK  [0m] Reached target Local File Systems (Pre).
[[0;32m  OK  [0m] Reached target Local File Systems.
         Starting Set console font and keymap...
         Starting ebtables ruleset management...
         Starting AppArmor initialization...
         Starting Tell Plymouth To Write Out Runtime Data...
[[0;32m  OK  [0m] Started Set console font and keymap.
[[0;32m  OK  [0m] Started udev Kernel Device Manager.
[   11.885595] systemd-journald[390]: File /var/log/journal/705ff3345a4649bc99ec0204207fc6da/system.journal corrupted or uncleanly shut down, renaming and replacing.
[   11.913054] random: systemd: uninitialized urandom read (16 bytes read)
[[0;32m  OK  [0m] Started Dispatch Password Requests to Console Directory Watch.
[   11.937530] random: systemd: uninitialized urandom read (16 bytes read)
[[0;32m  OK  [0m] Reached target Local Encrypted Volumes.
[[0;32m  OK  [0m] Started Tell Plymouth To Write Out Runtime Data.[   11.967761] iscsi: registered transport (iser)
[   11.977371] random: systemd-journal: uninitialized urandom read (16 bytes read)

[[0;32m  OK  [0m] Started Load Kernel Modules.
         Starting Apply Kernel Variables...
         Mounting Kernel Configuration File System...
         Mounting FUSE Control File System...
[[0;32m  OK  [0m] Started ebtables ruleset management.
[[0;32m  OK  [0m] Started Apply Kernel Variables.
[[0;32m  OK  [0m] Mounted Kernel Configuration File System.
[[0;32m  OK  [0m] Mounted FUSE Control File System.
[[0;32m  OK  [0m] Started Flush Journal to Persistent Storage.
         Starting Create Volatile Files and Directories...
[[0;32m  OK  [0m] Started Create Volatile Files and Directories.
         Starting Update UTMP about System Boot/Shutdown...
[[0;32m  OK  [0m] Started Update UTMP about System Boot/Shutdown.
[[0;32m  OK  [0m] Started AppArmor initialization.
         Starting Load AppArmor profiles managed internally by snapd...
         Starting Initial cloud-init job (pre-networking)...
         Mounting Arbitrary Executable File Formats File System...
[[0;32m  OK  [0m] Mounted Arbitrary Executable File Formats File System.
[[0;32m  OK  [0m] Started Load AppArmor profiles managed internally by snapd.
[[0;32m  OK  [0m] Found device /dev/ttyS0.
[[0;32m  OK  [0m] Listening on Load/Save RF Kill Switch Status /dev/rfkill Watch.
[   15.501483] cloud-init[504]: Cloud-init v. 22.4.2-0ubuntu0~18.04.1 running 'init-local' at Fri, 03 Mar 2023 03:52:45 +0000. Up 15.20 seconds.
[[0;32m  OK  [0m] Started Initial cloud-init job (pre-networking).
[[0;32m  OK  [0m] Reached target Network (Pre).
         Starting Network Service...
[[0;32m  OK  [0m] Started Network Service.
         Starting Wait for Network to be Configured...
         Starting Network Name Resolution...
[[0;32m  OK  [0m] Started Network Name Resolution.
[[0;32m  OK  [0m] Reached target Network.
[[0;32m  OK  [0m] Reached target Host and Network Name Lookups.
[[0;32m  OK  [0m] Started Wait for Network to be Configured.
         Starting Initial cloud-init job (metadata service crawler)...
[   19.130526] cloud-init[660]: Cloud-init v. 22.4.2-0ubuntu0~18.04.1 running 'init' at Fri, 03 Mar 2023 03:52:49 +0000. Up 18.79 seconds.
[   19.151695] cloud-init[660]: ci-info: ++++++++++++++++++++++++++++++++++++++Net device info+++++++++++++++++++++++++++++++++++++++
[   19.166813] cloud-init[660]: ci-info: +--------+------+-----------------------------+---------------+--------+-------------------+
[   19.180991] cloud-init[660]: ci-info: | Device |  Up  |           Address           |      Mask     | Scope  |     Hw-Address    |
[   19.194691] cloud-init[660]: ci-info: +--------+------+-----------------------------+---------------+--------+-------------------+
[   19.210340] cloud-init[660]: ci-info: | enp0s3 | True |          10.0.2.15          | 255.255.255.0 | global | 02:ea:ac:f2:75:47 |
[   19.224874] cloud-init[660]: ci-info: | enp0s3 | True |  fe80::ea:acff:fef2:7547/64 |       .       |  link  | 02:ea:ac:f2:75:47 |
[   19.238268] cloud-init[660]: ci-info: | enp0s8 | True |        192.168.56.11        | 255.255.255.0 | global | 08:00:27:ed:73:7e |
[   19.251503] cloud-init[660]: ci-info: | enp0s8 | True | fe80::a00:27ff:feed:737e/64 |       .       |  link  | 08:00:27:ed:73:7e |
[   19.266432] cloud-init[660]: ci-info: |   lo   | True |          127.0.0.1          |   255.0.0.0   |  host  |         .         |
[   19.280073] cloud-init[660]: ci-info: |   lo   | True |           ::1/128           |       .       |  host  |         .         |
[   19.294914] cloud-init[660]: ci-info: +--------+------+-----------------------------+---------------+--------+-------------------+
[   19.308146] cloud-init[660]: ci-info: +++++++++++++++++++++++++++++Route IPv4 info+++++++++++++++++++++++++++++
[   19.325422] cloud-init[660]: ci-info: +-------+--------------+----------+-----------------+-----------+-------+
[   19.340228] cloud-init[660]: ci-info: | Route | Destination  | Gateway  |     Genmask     | Interface | Flags |
[   19.354810] cloud-init[660]: ci-info: +-------+--------------+----------+-----------------+-----------+-------+
[   19.369095] cloud-init[660]: ci-info: |   0   |   0.0.0.0    | 10.0.2.2 |     0.0.0.0     |   enp0s3  |   UG  |
[   19.382385] cloud-init[660]: ci-info: |   1   |   10.0.2.0   | 0.0.0.0  |  255.255.255.0  |   enp0s3  |   U   |
[   19.397664] cloud-init[660]: ci-info: |   2   |   10.0.2.2   | 0.0.0.0  | 255.255.255.255 |   enp0s3  |   UH  |
[   19.411586] cloud-init[660]: ci-info: |   3   | 192.168.56.0 | 0.0.0.0  |  255.255.255.0  |   enp0s8  |   U   |
[   19.424892] cloud-init[660]: ci-info: +-------+--------------+----------+-----------------+-----------+-------+
[   19.439512] cloud-init[660]: ci-info: +++++++++++++++++++Route IPv6 info+++++++++++++++++++
[   19.460347] cloud-init[660]: ci-info: +-------+-------------+---------+-----------+-------+
[   19.467339] cloud-init[660]: ci-info: | Route | Destination | Gateway | Interface | Flags |
[   19.474674] cloud-init[660]: ci-info: +-------+-------------+---------+-----------+-------+
[   19.481902] cloud-init[660]: ci-info: |   1   |  fe80::/64  |    ::   |   enp0s8  |   U   |
[   19.488043] cloud-init[660]: ci-info: |   2   |  fe80::/64  |    ::   |   enp0s3  |   U   |
[   19.497056] cloud-init[660]: ci-info: |   4   |    local    |    ::   |   enp0s3  |   U   |
[   19.505036] cloud-init[660]: ci-info: |   5   |    local    |    ::   |   enp0s8  |   U   |
[   19.511652] cloud-init[660]: ci-info: |   6   |   ff00::/8  |    ::   |   enp0s8  |   U   |
[   19.517848] cloud-init[660]: ci-info: |   7   |   ff00::/8  |    ::   |   enp0s3  |   U   |
[   19.523904] cloud-init[660]: ci-info: +-------+-------------+---------+-----------+-------+
[[0;32m  OK  [0m] Started Initial cloud-init job (metadata service crawler).
[[0;32m  OK  [0m] Reached target System Initialization.
[[0;32m  OK  [0m] Started Daily apt download activities.
[[0;32m  OK  [0m] Started Daily Cleanup of Temporary Directories.
[[0;32m  OK  [0m] Listening on Open-iSCSI iscsid Socket.
[[0;32m  OK  [0m] Started Message of the Day.
[[0;32m  OK  [0m] Listening on UUID daemon activation socket.
[[0;32m  OK  [0m] Listening on cloud-init hotplug hook socket.
[[0;32m  OK  [0m] Started Daily apt upgrade and clean activities.
[[0;32m  OK  [0m] Listening on D-Bus System Message Bus Socket.
         Starting LXD - unix socket.
[[0;32m  OK  [0m] Started ACPI Events Check.
[[0;32m  OK  [0m] Reached target Paths.
[[0;32m  OK  [0m] Started Discard unused blocks once a week.
[[0;32m  OK  [0m] Started Ubuntu Advantage Timer for running repeated jobs.
[[0;32m  OK  [0m] Reached target Timers.
[[0;32m  OK  [0m] Listening on ACPID Listen Socket.
         Starting Socket activation for snappy daemon.
[[0;32m  OK  [0m] Reached target Network is Online.
         Starting Availability of block devices...
[[0;32m  OK  [0m] Reached target Remote File Systems (Pre).
         Mounting /vagrant...
[[0;32m  OK  [0m] Reached target Cloud-config availability.
[[0;32m  OK  [0m] Listening on LXD - unix socket.
[[0;32m  OK  [0m] Listening on Socket activation for snappy daemon.
[[0;32m  OK  [0m] Started Availability of block devices.
[[0;32m  OK  [0m] Reached target Sockets.
[[0;32m  OK  [0m] Reached target Basic System.
[[0;32m  OK  [0m] Reached target Login Prompts (Pre).
[[0;32m  OK  [0m] Started FUSE filesystem for LXC.
         Starting Login Service...
[[0;32m  OK  [0m] Started irqbalance daemon.
[[0;32m  OK  [0m] Started D-Bus System Message Bus.
         Starting Virtualbox guest utils...
[[0;32m  OK  [0m] Started Deferred execution scheduler.
         Starting LSB: Record successful boot for GRUB...
         Starting System Logging Service...
         Starting Dispatcher daemon for systemd-networkd...
         Starting Accounts Service...
[[0;32m  OK  [0m] Started Regular background program processing daemon.
         Starting OpenBSD Secure Shell server...
         Starting LXD - container startup/shutdown...
         Starting Snap Daemon...
[[0;32m  OK  [0m] Started System Logging Service.
[[0;32m  OK  [0m] Mounted /vagrant.
[[0;32m  OK  [0m] Started Login Service.
[[0;32m  OK  [0m] Started OpenBSD Secure Shell server.
         Starting Authorization Manager...
[[0;32m  OK  [0m] Started Unattended Upgrades Shutdown.
[[0;32m  OK  [0m] Reached target Remote File Systems.
         Starting LSB: automatic crash report generation...
         Starting Permit User Sessions...
[[0;32m  OK  [0m] Started Permit User Sessions.
         Starting Terminate Plymouth Boot Screen...
         Starting Hold until boot process finishes up...
[[0;32m  OK  [0m] Started Hold until boot process finishes up.
[[0;32m  OK  [0m] Started Terminate Plymouth Boot Screen.
[[0;32m  OK  [0m] Started Authorization Manager.
[[0;32m  OK  [0m] Started Accounts Service.
         Starting Set console scheme...
[[0;32m  OK  [0m] Started Serial Getty on ttyS0.
[[0;32m  OK  [0m] Started Virtualbox guest utils.
[[0;32m  OK  [0m] Started LSB: Record successful boot for GRUB.
[[0;32m  OK  [0m] Started Dispatcher daemon for systemd-networkd.
[[0;32m  OK  [0m] Started Set console scheme.
[[0;32m  OK  [0m] Created slice system-getty.slice.
[[0;32m  OK  [0m] Started Getty on tty1.
[[0;32m  OK  [0m] Reached target Login Prompts.
[[0;32m  OK  [0m] Started LSB: automatic crash report generation.
[[0;32m  OK  [0m] Started LXD - container startup/shutdown.
[[0;32m  OK  [0m] Created slice User Slice of vagrant.
         Starting User Manager for UID 1000...
[[0;32m  OK  [0m] Started Session 1 of user vagrant.
[[0;32m  OK  [0m] Started User Manager for UID 1000.

Ubuntu 18.04.6 LTS web01 ttyS0

web01 login: [   29.198306] cloud-init[1108]: Cloud-init v. 22.4.2-0ubuntu0~18.04.1 running 'modules:config' at Fri, 03 Mar 2023 03:52:59 +0000. Up 28.97 seconds.
[   30.482385] cloud-init[1193]: Cloud-init v. 22.4.2-0ubuntu0~18.04.1 running 'modules:final' at Fri, 03 Mar 2023 03:53:00 +0000. Up 30.28 seconds.
[   30.495384] cloud-init[1193]: Cloud-init v. 22.4.2-0ubuntu0~18.04.1 finished at Fri, 03 Mar 2023 03:53:00 +0000. Datasource DataSourceNoCloud [seed=/dev/sdb][dsmode=net].  Up 30.46 seconds
[[0;32m  OK  [0m] Stopped Unattended Upgrades Shutdown.
         Stopping Authorization Manager...
[[0;32m  OK  [0m] Closed Load/Save RF Kill Switch Status /dev/rfkill Watch.
[[0;32m  OK  [0m] Stopped target Graphical Interface.
         Stopping Accounts Service...
         Stopping Availability of block devices...
[[0;32m  OK  [0m] Stopped target Host and Network Name Lookups.
         Stopping User Manager for UID 1000...
         Stopping Session 12 of user vagrant.
[[0;32m  OK  [0m] Stopped target Cloud-init target.
[[0;32m  OK  [0m] Stopped Execute cloud user/final scripts.
[[0;32m  OK  [0m] Stopped Apply the settings specified in cloud-config.
[[0;32m  OK  [0m] Stopped target Multi-User System.
[[0;32m  OK  [0m] Stopped Wait until snapd is fully seeded.
         Stopping irqbalance daemon...
         Stopping Regular background program processing daemon...
         Stopping Dispatcher daemon for systemd-networkd...
         Stopping System Logging Service...
         Stopping Virtualbox guest utils...
         Stopping LXD - container startup/shutdown...
[[0;32m  OK  [0m] Stopped target Login Prompts.
         Stopping Getty on tty1...
         Stopping Serial Getty on ttyS0...
         Stopping A high performance web server and a reverse proxy server...
         Stopping FUSE filesystem for LXC...
         Stopping D-Bus System Message Bus...
         Stopping OpenBSD Secure Shell server...
         Stopping LSB: Record successful boot for GRUB...
         Stopping LSB: automatic crash report generation...
[[0;32m  OK  [0m] Stopped target Cloud-config availability.
         Stopping Deferred execution scheduler...
[[0;32m  OK  [0m] Stopped target Timers.[[0;32m  OK  [0m] Stopped target System Time Synchronized.
[[0;32m  OK  [0m] Unmounted /var/lib/lxcfs.
[[0;32m  OK  [0m] Stopped irqbalance daemon.
[[0;32m  OK  [0m] Stopped Deferred execution scheduler.
[[0;32m  OK  [0m] Stopped Dispatcher daemon for systemd-networkd.
[[0;32m  OK  [0m] Stopped Regular background program processing daemon.
[[0;32m  OK  [0m] Stopped OpenBSD Secure Shell server.
[[0;32m  OK  [0m] Stopped Authorization Manager.
[[0;32m  OK  [0m] Stopped Serial Getty on ttyS0.
[[0;32m  OK  [0m] Stopped System Logging Service.
[[0;32m  OK  [0m] Stopped Getty on tty1.
[[0;32m  OK  [0m] Stopped Accounts Service.
[[0;32m  OK  [0m] Stopped User Manager for UID 1000.
[[0;32m  OK  [0m] Stopped D-Bus System Message Bus.
[[0;32m  OK  [0m] Stopped FUSE filesystem for LXC.
[[0;32m  OK  [0m] Stopped A high performance web server and a reverse proxy server.
[[0;32m  OK  [0m] Stopped Session 12 of user vagrant.
[[0;32m  OK  [0m] Stopped LXD - container startup/shutdown.
[[0;32m  OK  [0m] Stopped LSB: Record successful boot for GRUB.
[[0;32m  OK  [0m] Removed slice User Slice of vagrant.
         Stopping Login Service...
[[0;32m  OK  [0m] Removed slice system-getty.slice.
         Stopping Permit User Sessions...
[[0;32m  OK  [0m] Removed slice system-serial\x2dgetty.slice.
[[0;32m  OK  [0m] Stopped target Login Prompts (Pre).
[[0;32m  OK  [0m] Stopped Permit User Sessions.
[[0;32m  OK  [0m] Stopped LSB: automatic crash report generation.
[[0;32m  OK  [0m] Stopped target Remote File Systems.
         Unmounting /vagrant...
[[0;1;31mFAILED[0m] Failed unmounting /vagrant.
[[0;32m  OK  [0m] Stopped target Network is Online.
[[0;32m  OK  [0m] Stopped target Network.
         Stopping Network Name Resolution...
[[0;32m  OK  [0m] Stopped target Remote File Systems (Pre).
[[0;32m  OK  [0m] Stopped Login Service.
[[0;32m  OK  [0m] Stopped Network Name Resolution.
[[0;32m  OK  [0m] Stopped Availability of block devices.
[[0;32m  OK  [0m] Stopped Virtualbox guest utils.
         Stopping Network Service...
[[0;32m  OK  [0m] Stopped target Basic System.
[[0;32m  OK  [0m] Stopped target Paths.
[[0;32m  OK  [0m] Stopped ACPI Events Check.
[[0;32m  OK  [0m] Stopped target Slices.
[[0;32m  OK  [0m] Stopped target Sockets.
[[0;32m  OK  [0m] Closed UUID daemon activation socket.
[[0;32m  OK  [0m] Closed LXD - unix socket.
[[0;32m  OK  [0m] Closed Socket activation for snappy daemon.
[[0;32m  OK  [0m] Closed Open-iSCSI iscsid Socket.
[[0;32m  OK  [0m] Closed ACPID Listen Socket.
[[0;32m  OK  [0m] Closed Syslog Socket.
[[0;32m  OK  [0m] Closed cloud-init hotplug hook socket.
[[0;32m  OK  [0m] Stopped target User and Group Name Lookups.
[[0;32m  OK  [0m] Closed D-Bus System Message Bus Socket.
[[0;32m  OK  [0m] Removed slice User and Session Slice.
[[0;32m  OK  [0m] Stopped target System Initialization.
         Stopping Load/Save Random Seed...
[[0;32m  OK  [0m] Stopped target Local Encrypted Volumes.
[[0;32m  OK  [0m] Stopped Forward Password Requests to Wall Directory Watch.
[[0;32m  OK  [0m] Stopped Dispatch Password Requests to Console Directory Watch.
[[0;32m  OK  [0m] Stopped Initial cloud-init job (metadata service crawler).
         Stopping Update UTMP about System Boot/Shutdown...
[[0;32m  OK  [0m] Stopped Network Service.
[[0;32m  OK  [0m] Stopped Load/Save Random Seed.
[[0;32m  OK  [0m] Stopped target Network (Pre).
[[0;32m  OK  [0m] Stopped Initial cloud-init job (pre-networking).
[[0;32m  OK  [0m] Stopped Apply Kernel Variables.
[[0;32m  OK  [0m] Stopped Load Kernel Modules.
[[0;32m  OK  [0m] Stopped Update UTMP about System Boot/Shutdown.
[[0;32m  OK  [0m] Stopped Create Volatile Files and Directories.
[[0;32m  OK  [0m] Stopped target Local File Systems.
[[0;32m  OK  [0m] Stopped target Mounted snaps.
[[0;32m  OK  [0m] Stopped target Mounting snaps.
         Unmounting /run/user/1000...
[[0;32m  OK  [0m] Unmounted /run/user/1000.
[[0;32m  OK  [0m] Reached target Unmount All Filesystems.
[[0;32m  OK  [0m] Stopped target Swap.
[[0;32m  OK  [0m] Stopped target Local File Systems (Pre).
[[0;32m  OK  [0m] Stopped Remount Root and Kernel File Systems.
[[0;32m  OK  [0m] Stopped Create Static Device Nodes in /dev.
[[0;32m  OK  [0m] Reached target Shutdown.
[[0;32m  OK  [0m] Reached target Final Step.
         Starting Power-Off...
         Stopping Monitoring of LVM2 mirrors…ng dmeventd or progress polling...
[ 1113.523487] reboot: Power down
